<?xml version="1.0" encoding="UTF-8"?>
<testng-results skipped="0" failed="0" ignored="0" total="1" passed="1">
  <reporter-output>
  </reporter-output>
  <suite name="Suite" duration-ms="254" started-at="2020-07-22T14:47:35 IST" finished-at="2020-07-22T14:47:35 IST">
    <groups>
    </groups>
    <test name="Test" duration-ms="254" started-at="2020-07-22T14:47:35 IST" finished-at="2020-07-22T14:47:35 IST">
      <class name="demo.GitDemo">
        <test-method status="PASS" signature="test()[pri:0, instance:demo.GitDemo@6b09bb57]" name="test" duration-ms="122" started-at="2020-07-22T14:47:35 IST" finished-at="2020-07-22T14:47:35 IST">
          <reporter-output>
          </reporter-output>
        </test-method> <!-- test -->
      </class> <!-- demo.GitDemo -->
    </test> <!-- Test -->
  </suite> <!-- Suite -->
</testng-results>
